<?xml version="1.0" encoding="UTF-8"?>
<!-- Generated by org.testng.reporters.JUnitReportReporter -->
<testsuite hostname="INLEN8520060831" failures="0" tests="11" name="com.testng.TestPoolSize" time="0.047" errors="0" timestamp="2023-08-24T12:06:47 IST" skipped="0">
  <testcase classname="com.testng.TestPoolSize" name="log" time="0.006"/>
  <testcase classname="com.testng.TestPoolSize" name="search" time="0.002"/>
  <testcase classname="com.testng.TestPoolSize" name="log" time="0.006"/>
  <testcase classname="com.testng.TestPoolSize" name="log" time="0.002"/>
  <testcase classname="com.testng.TestPoolSize" name="log" time="0.005"/>
  <testcase classname="com.testng.TestPoolSize" name="addtocart" time="0.012"/>
  <testcase classname="com.testng.TestPoolSize" name="checkout" time="0.001"/>
  <testcase classname="com.testng.TestPoolSize" name="log" time="0.003"/>
  <testcase classname="com.testng.TestPoolSize" name="log" time="0.005"/>
  <testcase classname="com.testng.TestPoolSize" name="log" time="0.002"/>
  <testcase classname="com.testng.TestPoolSize" name="log" time="0.003"/>
</testsuite> <!-- com.testng.TestPoolSize -->
