<?xml version="1.0" encoding="UTF-8"?>
<!-- Generated by org.testng.reporters.JUnitReportReporter -->
<testsuite hostname="INLEN8520060831" failures="0" tests="4" name="com.testng.SecondTest1" time="0.016" errors="0" timestamp="2023-08-24T10:12:17 IST" skipped="0">
  <testcase classname="com.testng.SecondTest1" name="checkout" time="0.002"/>
  <testcase classname="com.testng.SecondTest1" name="search" time="0.001"/>
  <testcase classname="com.testng.SecondTest1" name="addtocart" time="0.012"/>
  <testcase classname="com.testng.SecondTest1" name="log" time="0.001"/>
</testsuite> <!-- com.testng.SecondTest1 -->
