<?xml version="1.0" encoding="UTF-8"?>
<!-- Generated by org.testng.reporters.JUnitReportReporter -->
<testsuite hostname="INLEN8520060831" failures="0" tests="6" name="com.testng.SecondTest" time="0.020" errors="0" timestamp="2023-08-23T17:48:57 IST" skipped="0">
  <testcase classname="com.testng.SecondTest" name="log" time="0.001"/>
  <testcase classname="com.testng.SecondTest" name="log" time="0.002"/>
  <testcase classname="com.testng.SecondTest" name="log" time="0.010"/>
  <testcase classname="com.testng.SecondTest" name="search" time="0.002"/>
  <testcase classname="com.testng.SecondTest" name="addtocart" time="0.002"/>
  <testcase classname="com.testng.SecondTest" name="checkout" time="0.003"/>
</testsuite> <!-- com.testng.SecondTest -->
