<?xml version="1.0" encoding="UTF-8"?>
<!-- Generated by org.testng.reporters.JUnitReportReporter -->
<testsuite hostname="INLEN8520060831" failures="0" tests="3" name="com.testng.DataProviderParallel" time="43.557" errors="0" timestamp="2023-08-24T11:03:19 IST" skipped="0">
  <testcase classname="com.testng.DataProviderParallel" name="testlog" time="12.654"/>
  <testcase classname="com.testng.DataProviderParallel" name="testlog" time="13.040"/>
  <testcase classname="com.testng.DataProviderParallel" name="testlog" time="17.863"/>
</testsuite> <!-- com.testng.DataProviderParallel -->
