<?xml version="1.0" encoding="UTF-8"?>
<!-- Generated by org.testng.reporters.JUnitReportReporter -->
<testsuite hostname="INLEN8520060831" failures="0" tests="1" name="com.testng.NewTest" time="9.765" errors="0" timestamp="2023-08-23T14:18:07 IST" skipped="0">
  <testcase classname="com.testng.NewTest" name="fisrtMethod" time="9.765"/>
</testsuite> <!-- com.testng.NewTest -->
