<?xml version="1.0" encoding="UTF-8"?>
<!-- Generated by org.testng.reporters.JUnitReportReporter -->
<testsuite hostname="INLEN8520060831" failures="0" tests="1" name="com.testng.FirstTest1" time="0.077" errors="0" timestamp="2023-08-24T09:37:02 IST" skipped="0">
  <testcase classname="com.testng.FirstTest1" name="test2" time="0.077"/>
</testsuite> <!-- com.testng.FirstTest1 -->
