<?xml version="1.0" encoding="UTF-8"?>
<!-- Generated by org.testng.reporters.JUnitReportReporter -->
<testsuite hostname="INLEN8520060831" failures="0" tests="3" name="com.testng.DataProviderTest" time="31.154" errors="0" timestamp="2023-08-24T11:52:53 IST" skipped="0">
  <testcase classname="com.testng.DataProviderTest" name="testlog" time="7.300"/>
  <testcase classname="com.testng.DataProviderTest" name="testlog" time="12.287"/>
  <testcase classname="com.testng.DataProviderTest" name="testlog" time="11.567"/>
</testsuite> <!-- com.testng.DataProviderTest -->
