<?xml version="1.0" encoding="UTF-8"?>
<!-- Generated by org.testng.reporters.JUnitReportReporter -->
<testsuite hostname="INLEN8520060831" failures="0" tests="2" name="com.testng.FirstTest" time="5.936" errors="0" timestamp="2023-08-23T17:37:06 IST" skipped="0">
  <testcase classname="com.testng.FirstTest" name="test2" time="0.354"/>
  <testcase classname="com.testng.FirstTest" name="test2" time="5.582"/>
</testsuite> <!-- com.testng.FirstTest -->
