<?xml version="1.0" encoding="UTF-8"?>
<!-- Generated by org.testng.reporters.JUnitReportReporter -->
<testsuite hostname="INLEN8520060831" failures="0" tests="1" name="Repository.RepoTest" time="6.641" errors="0" timestamp="2023-08-25T11:03:00 IST" skipped="0">
  <testcase classname="Repository.RepoTest" name="testobj" time="6.641"/>
</testsuite> <!-- Repository.RepoTest -->
