<?xml version="1.0" encoding="UTF-8"?>
<!-- Generated by org.testng.reporters.JUnitReportReporter -->
<testsuite hostname="INLEN8520060831" failures="0" tests="1" name="com.pagefactory.LoginPF" time="7.229" errors="0" timestamp="2023-08-28T12:15:18 IST" skipped="0">
  <testcase classname="com.pagefactory.LoginPF" name="verifyswag" time="7.229"/>
</testsuite> <!-- com.pagefactory.LoginPF -->
